20220627 wiki (https://go.dev/doc/articles/wiki/)
- handler
- function literal
- closure
20220626 Fuzz (https://go.dev/doc/tutorial/fuzz)
- Fuzz （Fuzzing can generate inputs to your tests that can catch edge cases and security issues that you may have missed.)
- go test / go test -run=FuzzReverse
- go test -fuzz=Fuzz
- go test -v
= go test -fuzz=Fuzz -fuzztime 30s
20220626 Generics (https://go.dev/doc/tutorial/generics)
- declare generic function
- comparable
- remove type arguments when calling generic function
- declare a type constraint via Interface
20220625 Develop REST API via Gin (https://go.dev/doc/tutorial/web-service-gin)
- web framework Gin (https://gin-gonic.com/docs/introduction/ https://pkg.go.dev/github.com/gin-gonic/gin#section-readme )
20220624 workspace (https://go.dev/doc/tutorial/workspaces)
- go get  
- go work init
- run in workspace
- go work use 
- go work edit
- go work sync
20220621
- unit test (https://go.dev/doc/tutorial/add-a-test)
- compile / build (https://go.dev/doc/tutorial/compile-install)
    - go build -> compile it to executable, and it can be run by specifying executable path
    - go list -f '{{.Target}}' -> discover install path
20220620 - https://go.dev/doc/tutorial/greetings-multiple-people
- make
- map (https://go.dev/blog/maps)
- for range
- init slice when declare
20220619 - https://go.dev/doc/tutorial/random-greeting